Using pre-set license
Built from '2022.3/staging' branch; Version is '2022.3.23f1 (dbb3f7c5b5c6) revision 14398455'; Using compiler version '192829333'; Build Type 'Release'
OS: 'Windows 10  (10.0.19045) 64bit Professional' Language: 'zh' Physical Memory: 32596 MB
BatchMode: 1, IsHumanControllingUs: 0, StartBugReporterOnCrash: 0, Is64bit: 1, IsPro: 1

COMMAND LINE ARGUMENTS:
D:\UnityEditor\2022.3.23f1\Editor\Unity.exe
-adb2
-batchMode
-noUpm
-name
AssetImportWorker6
-projectPath
D:/ProductFile/my_mmorpg/Src/Client
-logFile
Logs/AssetImportWorker6.log
-srvPort
65331
Successfully changed project path to: D:/ProductFile/my_mmorpg/Src/Client
D:/ProductFile/my_mmorpg/Src/Client
[UnityMemory] Configuration Parameters - Can be set up in boot.config
    "memorysetup-bucket-allocator-granularity=16"
    "memorysetup-bucket-allocator-bucket-count=8"
    "memorysetup-bucket-allocator-block-size=33554432"
    "memorysetup-bucket-allocator-block-count=8"
    "memorysetup-main-allocator-block-size=16777216"
    "memorysetup-thread-allocator-block-size=16777216"
    "memorysetup-gfx-main-allocator-block-size=16777216"
    "memorysetup-gfx-thread-allocator-block-size=16777216"
    "memorysetup-cache-allocator-block-size=4194304"
    "memorysetup-typetree-allocator-block-size=2097152"
    "memorysetup-profiler-bucket-allocator-granularity=16"
    "memorysetup-profiler-bucket-allocator-bucket-count=8"
    "memorysetup-profiler-bucket-allocator-block-size=33554432"
    "memorysetup-profiler-bucket-allocator-block-count=8"
    "memorysetup-profiler-allocator-block-size=16777216"
    "memorysetup-profiler-editor-allocator-block-size=1048576"
    "memorysetup-temp-allocator-size-main=16777216"
    "memorysetup-job-temp-allocator-block-size=2097152"
    "memorysetup-job-temp-allocator-block-size-background=1048576"
    "memorysetup-job-temp-allocator-reduction-small-platforms=262144"
    "memorysetup-allocator-temp-initial-block-size-main=262144"
    "memorysetup-allocator-temp-initial-block-size-worker=262144"
    "memorysetup-temp-allocator-size-background-worker=32768"
    "memorysetup-temp-allocator-size-job-worker=262144"
    "memorysetup-temp-allocator-size-preload-manager=33554432"
    "memorysetup-temp-allocator-size-nav-mesh-worker=65536"
    "memorysetup-temp-allocator-size-audio-worker=65536"
    "memorysetup-temp-allocator-size-cloud-worker=32768"
    "memorysetup-temp-allocator-size-gi-baking-worker=262144"
    "memorysetup-temp-allocator-size-gfx=262144"
Player connection [4392] Host "[IP] 192.168.4.72 [Port] 0 [Flags] 2 [Guid] 2753965291 [EditorId] 2753965291 [Version] 1048832 [Id] WindowsEditor(7,DESKTOP-CK1LMC9) [Debug] 1 [PackageName] WindowsEditor [ProjectName] Editor" joined multi-casting on [225.0.0.222:54997]...

Player connection [4392] Host "[IP] 192.168.4.72 [Port] 0 [Flags] 2 [Guid] 2753965291 [EditorId] 2753965291 [Version] 1048832 [Id] WindowsEditor(7,DESKTOP-CK1LMC9) [Debug] 1 [PackageName] WindowsEditor [ProjectName] Editor" joined alternative multi-casting on [225.0.0.222:34997]...

[Physics::Module] Initialized MultithreadedJobDispatcher with 15 workers.
Refreshing native plugins compatible for Editor in 88.72 ms, found 2 plugins.
Preloading 0 native plugins for Editor in 0.00 ms.
Initialize engine version: 2022.3.23f1 (dbb3f7c5b5c6)
[Subsystems] Discovering subsystems at path D:/UnityEditor/2022.3.23f1/Editor/Data/Resources/UnitySubsystems
[Subsystems] Discovering subsystems at path D:/ProductFile/my_mmorpg/Src/Client/Assets
GfxDevice: creating device client; threaded=0; jobified=0
Direct3D:
    Version:  Direct3D 11.0 [level 11.1]
    Renderer: AMD Radeon R7 430 (ID=0x6611)
    Vendor:   ATI
    VRAM:     2028 MB
    Driver:   27.20.20908.6002
Initialize mono
Mono path[0] = 'D:/UnityEditor/2022.3.23f1/Editor/Data/Managed'
Mono path[1] = 'D:/UnityEditor/2022.3.23f1/Editor/Data/MonoBleedingEdge/lib/mono/unityjit-win32'
Mono config path = 'D:/UnityEditor/2022.3.23f1/Editor/Data/MonoBleedingEdge/etc'
Using monoOptions --debugger-agent=transport=dt_socket,embedding=1,server=y,suspend=n,address=127.0.0.1:56660
Begin MonoManager ReloadAssembly
Registering precompiled unity dll's ...
Register platform support module: D:/UnityEditor/2022.3.23f1/Editor/Data/PlaybackEngines/WebGLSupport/UnityEditor.WebGL.Extensions.dll
Register platform support module: D:/UnityEditor/2022.3.23f1/Editor/Data/PlaybackEngines/WindowsStandaloneSupport/UnityEditor.WindowsStandalone.Extensions.dll
Register platform support module: D:/UnityEditor/2022.3.23f1/Editor/Data/PlaybackEngines/MetroSupport/UnityEditor.UWP.Extensions.dll
Registered in 0.012370 seconds.
- Loaded All Assemblies, in  0.576 seconds
Native extension for UWP target not found
Native extension for WindowsStandalone target not found
Native extension for WebGL target not found
Mono: successfully reloaded assembly
- Finished resetting the current domain, in  0.394 seconds
Domain Reload Profiling: 970ms
	BeginReloadAssembly (157ms)
		ExecutionOrderSort (0ms)
		DisableScriptedObjects (0ms)
		BackupInstance (0ms)
		ReleaseScriptingObjects (0ms)
		CreateAndSetChildDomain (1ms)
	RebuildCommonClasses (50ms)
	RebuildNativeTypeToScriptingClass (21ms)
	initialDomainReloadingComplete (93ms)
	LoadAllAssembliesAndSetupDomain (254ms)
		LoadAssemblies (157ms)
		RebuildTransferFunctionScriptingTraits (0ms)
		AnalyzeDomain (251ms)
			TypeCache.Refresh (249ms)
				TypeCache.ScanAssembly (230ms)
			ScanForSourceGeneratedMonoScriptInfo (0ms)
			ResolveRequiredComponents (0ms)
	FinalizeReload (395ms)
		ReleaseScriptCaches (0ms)
		RebuildScriptCaches (0ms)
		SetupLoadedEditorAssemblies (316ms)
			LogAssemblyErrors (0ms)
			InitializePlatformSupportModulesInManaged (15ms)
			SetLoadedEditorAssemblies (9ms)
			RefreshPlugins (0ms)
			BeforeProcessingInitializeOnLoad (3ms)
			ProcessInitializeOnLoadAttributes (224ms)
			ProcessInitializeOnLoadMethodAttributes (66ms)
			AfterProcessingInitializeOnLoad (0ms)
			EditorAssembliesLoaded (0ms)
		ExecutionOrderSort2 (0ms)
		AwakeInstancesAfterBackupRestoration (0ms)
========================================================================
Worker process is ready to serve import requests
Begin MonoManager ReloadAssembly
Duplicate assembly 'log4net.dll' with different versions detected, using 'Assets/References/log4net.dll, AssemblyName=log4net, Version=2.0.8.0, Culture=neutral, PublicKeyToken=null' and ignoring 'Packages/com.unity.collab-proxy/Lib/Editor/PlasticSCM/log4netPlastic.dll, AssemblyName=log4net, Version=1.2.15.0, Culture=neutral, PublicKeyToken=669e0ddf0bb1aa2a'.Duplicate assembly 'Newtonsoft.Json.dll' with different versions detected, using 'Packages/com.unity.nuget.newtonsoft-json/Runtime/Newtonsoft.Json.dll, AssemblyName=Newtonsoft.Json, Version=13.0.0.0, Culture=neutral, PublicKeyToken=30ad4fe6b2a6aeed' and ignoring 'Assets/JsonDotNet/Assemblies/Standalone/Newtonsoft.Json.dll, AssemblyName=Newtonsoft.Json, Version=8.0.0.0, Culture=neutral, PublicKeyToken=null'.Symbol file LoadedFromMemory doesn't match image D:\ProductFile\my_mmorpg\Src\Client\Assets\References\Protocol.dll
Symbol file LoadedFromMemory is not a mono symbol file
- Loaded All Assemblies, in  1.003 seconds
Refreshing native plugins compatible for Editor in 13.95 ms, found 2 plugins.
Native extension for UWP target not found
Native extension for WindowsStandalone target not found
Native extension for WebGL target not found
Package Manager log level set to [2]
[Package Manager] Server::EnsureServerProcessIsRunning -- launch failed, reason: Unity was launched with the -noUpm command-line argument
[Package Manager] UpmClient::Send -- Unable to send message (not connected to UPM process).
[Package Manager] Cannot connect to Unity Package Manager local server
Mono: successfully reloaded assembly
- Finished resetting the current domain, in  0.997 seconds
Domain Reload Profiling: 1999ms
	BeginReloadAssembly (317ms)
		ExecutionOrderSort (0ms)
		DisableScriptedObjects (9ms)
		BackupInstance (0ms)
		ReleaseScriptingObjects (0ms)
		CreateAndSetChildDomain (36ms)
	RebuildCommonClasses (65ms)
	RebuildNativeTypeToScriptingClass (16ms)
	initialDomainReloadingComplete (57ms)
	LoadAllAssembliesAndSetupDomain (546ms)
		LoadAssemblies (548ms)
		RebuildTransferFunctionScriptingTraits (0ms)
		AnalyzeDomain (222ms)
			TypeCache.Refresh (182ms)
				TypeCache.ScanAssembly (147ms)
			ScanForSourceGeneratedMonoScriptInfo (31ms)
			ResolveRequiredComponents (6ms)
	FinalizeReload (997ms)
		ReleaseScriptCaches (0ms)
		RebuildScriptCaches (0ms)
		SetupLoadedEditorAssemblies (787ms)
			LogAssemblyErrors (0ms)
			InitializePlatformSupportModulesInManaged (12ms)
			SetLoadedEditorAssemblies (5ms)
			RefreshPlugins (0ms)
			BeforeProcessingInitializeOnLoad (71ms)
			ProcessInitializeOnLoadAttributes (397ms)
			ProcessInitializeOnLoadMethodAttributes (297ms)
			AfterProcessingInitializeOnLoad (5ms)
			EditorAssembliesLoaded (0ms)
		ExecutionOrderSort2 (0ms)
		AwakeInstancesAfterBackupRestoration (9ms)
Launched and connected shader compiler UnityShaderCompiler.exe after 0.09 seconds
Refreshing native plugins compatible for Editor in 9.99 ms, found 2 plugins.
Preloading 0 native plugins for Editor in 0.00 ms.
Unloading 2585 Unused Serialized files (Serialized files now loaded: 0)
Unloading 70 unused Assets / (75.0 KB). Loaded Objects now: 3022.
Memory consumption went from 116.1 MB to 116.0 MB.
Total: 9.831700 ms (FindLiveObjects: 0.435800 ms CreateObjectMapping: 0.349900 ms MarkObjects: 8.798900 ms  DeleteObjects: 0.245600 ms)

AssetImportParameters requested are different than current active one (requested -> active):
  custom:video-decoder-webm-vp8: 9c59270c3fd7afecdb556c50c9e8de78 -> 
  custom:SearchIndexIgnoredProperties: e643bd26f0fe6173181afceb89e7c659 -> 
  custom:container-demuxer-ogg: 62fdf1f143b41e24485cea50d1cbac27 -> 
  custom:AudioImporter_EditorPlatform: d09bf68614088b80899f8185d706f6e7 -> 
  custom:video-decoder-ogg-theora: a1e56fd34408186e4bbccfd4996cb3dc -> 
  custom:framework-win-MediaFoundation: 216162199b28c13a410421893ffa2e32 -> 
  custom:video-encoder-webm-vp8: eb34c28f22e8b96e1ab97ce403110664 -> 
  custom:audio-decoder-ogg-vorbis: bf7c407c2cedff20999df2af8eb42d56 -> 
  custom:CustomObjectIndexerAttribute: 9a22284fe3817be447336de3de66b15e -> 
  custom:container-demuxer-webm: 4f35f7cbe854078d1ac9338744f61a02 -> 
  custom:audio-encoder-webm-vorbis: bf7c407c2cedff20999df2af8eb42d56 -> 
  custom:container-muxer-webm: aa71ff27fc2769a1b78a27578f13a17b -> 
========================================================================
Received Import Request.
  Time since last request: 180991.906272 seconds.
  path: Assets/UI/Login/check_box_flag.png
  artifactKey: Guid(c34ca5ac1df55b044935d8e70a55d699) Importer(815301076,1909f56bfc062723c751e8b465ee728b)
Start importing Assets/UI/Login/check_box_flag.png using Guid(c34ca5ac1df55b044935d8e70a55d699) Importer(815301076,1909f56bfc062723c751e8b465ee728b)  -> (artifact id: 'cdc5292d8bbe5489bd790ab33cab6671') in 0.204034 seconds
Number of updated asset objects reloaded before import = 0
Number of asset objects unloaded after import = 3
========================================================================
Received Import Request.
  Time since last request: 829.117303 seconds.
  path: Assets/UI/Common/main_chat_bg.png
  artifactKey: Guid(a7d2490344e0191419494b1b85f0fdb9) Importer(815301076,1909f56bfc062723c751e8b465ee728b)
Start importing Assets/UI/Common/main_chat_bg.png using Guid(a7d2490344e0191419494b1b85f0fdb9) Importer(815301076,1909f56bfc062723c751e8b465ee728b)  -> (artifact id: '8ef5ffaa6f4dc360fbc12a1e4d527bf5') in 0.043782 seconds
Number of updated asset objects reloaded before import = 0
Number of asset objects unloaded after import = 3
========================================================================
Received Import Request.
  Time since last request: 0.000020 seconds.
  path: Assets/UI/Common/main_chat_btn_normal.png
  artifactKey: Guid(a2d59279e35855f4896dd83bb65092fa) Importer(815301076,1909f56bfc062723c751e8b465ee728b)
Start importing Assets/UI/Common/main_chat_btn_normal.png using Guid(a2d59279e35855f4896dd83bb65092fa) Importer(815301076,1909f56bfc062723c751e8b465ee728b)  -> (artifact id: '4718c1f1a2d629f724750b17cc424773') in 0.021204 seconds
Number of updated asset objects reloaded before import = 0
Number of asset objects unloaded after import = 3
========================================================================
Received Import Request.
  Time since last request: 0.019813 seconds.
  path: Assets/UI/Common/main_chat_channel_team.png
  artifactKey: Guid(844aefb1a3307764f9db7356f97d8724) Importer(815301076,1909f56bfc062723c751e8b465ee728b)
Start importing Assets/UI/Common/main_chat_channel_team.png using Guid(844aefb1a3307764f9db7356f97d8724) Importer(815301076,1909f56bfc062723c751e8b465ee728b)  -> (artifact id: '092dda030203813245739be8bee6431c') in 0.034363 seconds
Number of updated asset objects reloaded before import = 0
Number of asset objects unloaded after import = 3
========================================================================
Received Import Request.
  Time since last request: 0.000015 seconds.
  path: Assets/UI/Common/main_exp_bar.png
  artifactKey: Guid(35336ad50be36934caf76703899f2843) Importer(815301076,1909f56bfc062723c751e8b465ee728b)
Start importing Assets/UI/Common/main_exp_bar.png using Guid(35336ad50be36934caf76703899f2843) Importer(815301076,1909f56bfc062723c751e8b465ee728b)  -> (artifact id: '7822a3e8971f1259e7cd575365e5adf1') in 0.033972 seconds
Number of updated asset objects reloaded before import = 0
Number of asset objects unloaded after import = 3
========================================================================
Received Import Request.
  Time since last request: 0.001370 seconds.
  path: Assets/UI/Common/main_exp_bg.png
  artifactKey: Guid(0ac8046d86cbaed479e03ac337cb3632) Importer(815301076,1909f56bfc062723c751e8b465ee728b)
Start importing Assets/UI/Common/main_exp_bg.png using Guid(0ac8046d86cbaed479e03ac337cb3632) Importer(815301076,1909f56bfc062723c751e8b465ee728b)  -> (artifact id: '41ff4dfc881748bff8f8e4bd41550759') in 0.036936 seconds
Number of updated asset objects reloaded before import = 0
Number of asset objects unloaded after import = 3
========================================================================
Received Import Request.
  Time since last request: 0.002229 seconds.
  path: Assets/UI/Common/main_hp_bar.png
  artifactKey: Guid(4c60908ed0267fd49a9638d4f9e5e550) Importer(815301076,1909f56bfc062723c751e8b465ee728b)
Start importing Assets/UI/Common/main_hp_bar.png using Guid(4c60908ed0267fd49a9638d4f9e5e550) Importer(815301076,1909f56bfc062723c751e8b465ee728b)  -> (artifact id: '02ccff02b593240e7dddeaf8747f4e44') in 0.031399 seconds
Number of updated asset objects reloaded before import = 0
Number of asset objects unloaded after import = 3
========================================================================
Received Import Request.
  Time since last request: 0.007178 seconds.
  path: Assets/UI/Common/main_icon_arena.png
  artifactKey: Guid(2d319c6fae0f2bf4e9b0cfa8dcdec870) Importer(815301076,1909f56bfc062723c751e8b465ee728b)
Start importing Assets/UI/Common/main_icon_arena.png using Guid(2d319c6fae0f2bf4e9b0cfa8dcdec870) Importer(815301076,1909f56bfc062723c751e8b465ee728b)  -> (artifact id: '930413d2e7a48db279ba2cc1cbb6e151') in 0.030776 seconds
Number of updated asset objects reloaded before import = 0
Number of asset objects unloaded after import = 3
========================================================================
Received Import Request.
  Time since last request: 0.000060 seconds.
  path: Assets/UI/Common/main_icon_friends.png
  artifactKey: Guid(c33928dc224baf64cb549151a71d3164) Importer(815301076,1909f56bfc062723c751e8b465ee728b)
Start importing Assets/UI/Common/main_icon_friends.png using Guid(c33928dc224baf64cb549151a71d3164) Importer(815301076,1909f56bfc062723c751e8b465ee728b)  -> (artifact id: '34b18323d5d77f606a54ee311c2439bd') in 0.039058 seconds
Number of updated asset objects reloaded before import = 0
Number of asset objects unloaded after import = 3
========================================================================
Received Import Request.
  Time since last request: 0.000035 seconds.
  path: Assets/UI/Common/main_minimap_bg.png
  artifactKey: Guid(5b0251235cbe5184d9c69f0eb8b01e34) Importer(815301076,1909f56bfc062723c751e8b465ee728b)
Start importing Assets/UI/Common/main_minimap_bg.png using Guid(5b0251235cbe5184d9c69f0eb8b01e34) Importer(815301076,1909f56bfc062723c751e8b465ee728b)  -> (artifact id: 'b4908e409433e7082599e6297c42cc1c') in 0.023017 seconds
Number of updated asset objects reloaded before import = 0
Number of asset objects unloaded after import = 3
========================================================================
Received Import Request.
  Time since last request: 0.016278 seconds.
  path: Assets/UI/Common/main_scroll_bar.png
  artifactKey: Guid(878b1b84d98e6d24cb3d75cb20344938) Importer(815301076,1909f56bfc062723c751e8b465ee728b)
Start importing Assets/UI/Common/main_scroll_bar.png using Guid(878b1b84d98e6d24cb3d75cb20344938) Importer(815301076,1909f56bfc062723c751e8b465ee728b)  -> (artifact id: '697757588d60766bf316d293805d8527') in 0.024519 seconds
Number of updated asset objects reloaded before import = 0
Number of asset objects unloaded after import = 3
========================================================================
Received Import Request.
  Time since last request: 0.000136 seconds.
  path: Assets/UI/Common/main_shortcut_btn.png
  artifactKey: Guid(a553a133150bf0b4e84cd7302f32d8c0) Importer(815301076,1909f56bfc062723c751e8b465ee728b)
Start importing Assets/UI/Common/main_shortcut_btn.png using Guid(a553a133150bf0b4e84cd7302f32d8c0) Importer(815301076,1909f56bfc062723c751e8b465ee728b)  -> (artifact id: '5ef1df14bc442262bd8a6454d7b9b7ba') in 0.041550 seconds
Number of updated asset objects reloaded before import = 0
Number of asset objects unloaded after import = 3
Editor requested this worker to shutdown with reason: Scaling down because of idle timeout
TcpMessagingSession - receive error: operation aborted. errorcode: 995, details: 由于线程退出或应用程序请求，已中止 I/O 操作。
AssetImportWorker is now disconnected from the server
Process exiting
Exiting without the bug reporter. Application will terminate with return code 0