Using pre-set license
Built from '2022.3/staging' branch; Version is '2022.3.23f1 (dbb3f7c5b5c6) revision 14398455'; Using compiler version '192829333'; Build Type 'Release'
OS: 'Windows 11  (10.0.22631) 64bit Professional' Language: 'zh' Physical Memory: 32508 MB
BatchMode: 1, IsHumanControllingUs: 0, StartBugReporterOnCrash: 0, Is64bit: 1, IsPro: 1

COMMAND LINE ARGUMENTS:
E:\Editor\2022.3.23f1\Editor\Unity.exe
-adb2
-batchMode
-noUpm
-name
AssetImportWorker4
-projectPath
E:/UnityProject/myMmorpgclass5/Src/Client
-logFile
Logs/AssetImportWorker4.log
-srvPort
58156
Successfully changed project path to: E:/UnityProject/myMmorpgclass5/Src/Client
E:/UnityProject/myMmorpgclass5/Src/Client
[UnityMemory] Configuration Parameters - Can be set up in boot.config
    "memorysetup-bucket-allocator-granularity=16"
    "memorysetup-bucket-allocator-bucket-count=8"
    "memorysetup-bucket-allocator-block-size=33554432"
    "memorysetup-bucket-allocator-block-count=8"
    "memorysetup-main-allocator-block-size=16777216"
    "memorysetup-thread-allocator-block-size=16777216"
    "memorysetup-gfx-main-allocator-block-size=16777216"
    "memorysetup-gfx-thread-allocator-block-size=16777216"
    "memorysetup-cache-allocator-block-size=4194304"
    "memorysetup-typetree-allocator-block-size=2097152"
    "memorysetup-profiler-bucket-allocator-granularity=16"
    "memorysetup-profiler-bucket-allocator-bucket-count=8"
    "memorysetup-profiler-bucket-allocator-block-size=33554432"
    "memorysetup-profiler-bucket-allocator-block-count=8"
    "memorysetup-profiler-allocator-block-size=16777216"
    "memorysetup-profiler-editor-allocator-block-size=1048576"
    "memorysetup-temp-allocator-size-main=16777216"
    "memorysetup-job-temp-allocator-block-size=2097152"
    "memorysetup-job-temp-allocator-block-size-background=1048576"
    "memorysetup-job-temp-allocator-reduction-small-platforms=262144"
    "memorysetup-allocator-temp-initial-block-size-main=262144"
    "memorysetup-allocator-temp-initial-block-size-worker=262144"
    "memorysetup-temp-allocator-size-background-worker=32768"
    "memorysetup-temp-allocator-size-job-worker=262144"
    "memorysetup-temp-allocator-size-preload-manager=33554432"
    "memorysetup-temp-allocator-size-nav-mesh-worker=65536"
    "memorysetup-temp-allocator-size-audio-worker=65536"
    "memorysetup-temp-allocator-size-cloud-worker=32768"
    "memorysetup-temp-allocator-size-gi-baking-worker=262144"
    "memorysetup-temp-allocator-size-gfx=262144"
Player connection [50792] Host "[IP] 192.168.1.6 [Port] 0 [Flags] 2 [Guid] 717056205 [EditorId] 717056205 [Version] 1048832 [Id] WindowsEditor(7,DESKTOP-0A286S5) [Debug] 1 [PackageName] WindowsEditor [ProjectName] Editor" joined multi-casting on [225.0.0.222:54997]...

Player connection [50792] Host "[IP] 192.168.1.6 [Port] 0 [Flags] 2 [Guid] 717056205 [EditorId] 717056205 [Version] 1048832 [Id] WindowsEditor(7,DESKTOP-0A286S5) [Debug] 1 [PackageName] WindowsEditor [ProjectName] Editor" joined alternative multi-casting on [225.0.0.222:34997]...

[Physics::Module] Initialized MultithreadedJobDispatcher with 31 workers.
Refreshing native plugins compatible for Editor in 6.45 ms, found 2 plugins.
Preloading 0 native plugins for Editor in 0.00 ms.
Initialize engine version: 2022.3.23f1 (dbb3f7c5b5c6)
[Subsystems] Discovering subsystems at path E:/Editor/2022.3.23f1/Editor/Data/Resources/UnitySubsystems
[Subsystems] Discovering subsystems at path E:/UnityProject/myMmorpgclass5/Src/Client/Assets
GfxDevice: creating device client; threaded=0; jobified=0
Direct3D:
    Version:  Direct3D 11.0 [level 11.1]
    Renderer: NVIDIA GeForce RTX 4070 Ti SUPER (ID=0x2705)
    Vendor:   NVIDIA
    VRAM:     16063 MB
    Driver:   32.0.15.7270
Initialize mono
Mono path[0] = 'E:/Editor/2022.3.23f1/Editor/Data/Managed'
Mono path[1] = 'E:/Editor/2022.3.23f1/Editor/Data/MonoBleedingEdge/lib/mono/unityjit-win32'
Mono config path = 'E:/Editor/2022.3.23f1/Editor/Data/MonoBleedingEdge/etc'
Using monoOptions --debugger-agent=transport=dt_socket,embedding=1,server=y,suspend=n,address=127.0.0.1:56332
Begin MonoManager ReloadAssembly
Registering precompiled unity dll's ...
Register platform support module: E:/Editor/2022.3.23f1/Editor/Data/PlaybackEngines/MacStandaloneSupport/UnityEditor.OSXStandalone.Extensions.dll
Register platform support module: E:/Editor/2022.3.23f1/Editor/Data/PlaybackEngines/AndroidPlayer/UnityEditor.Android.Extensions.dll
Register platform support module: E:/Editor/2022.3.23f1/Editor/Data/PlaybackEngines/iOSSupport/UnityEditor.iOS.Extensions.dll
Register platform support module: E:/Editor/2022.3.23f1/Editor/Data/PlaybackEngines/VisionOSPlayer/UnityEditor.VisionOS.Extensions.dll
Register platform support module: E:/Editor/2022.3.23f1/Editor/Data/PlaybackEngines/WindowsStandaloneSupport/UnityEditor.WindowsStandalone.Extensions.dll
Register platform support module: E:/Editor/2022.3.23f1/Editor/Data/PlaybackEngines/LinuxStandaloneSupport/UnityEditor.LinuxStandalone.Extensions.dll
Registered in 0.003526 seconds.
- Loaded All Assemblies, in  0.192 seconds
Native extension for LinuxStandalone target not found
Native extension for WindowsStandalone target not found
Failed to load: E:/Editor/2022.3.23f1/Editor/Data/PlaybackEngines/VisionOSPlayer\x64\UnityEditor.VisionOS.Native.dll
Native extension for VisionOS target not found
[usbmuxd] Start listen thread
[usbmuxd] Listen thread started
Native extension for iOS target not found
Native extension for Android target not found
Android Extension - Scanning For ADB Devices 193 ms
Native extension for OSXStandalone target not found
Mono: successfully reloaded assembly
- Finished resetting the current domain, in  0.394 seconds
Domain Reload Profiling: 586ms
	BeginReloadAssembly (58ms)
		ExecutionOrderSort (0ms)
		DisableScriptedObjects (0ms)
		BackupInstance (0ms)
		ReleaseScriptingObjects (0ms)
		CreateAndSetChildDomain (0ms)
	RebuildCommonClasses (19ms)
	RebuildNativeTypeToScriptingClass (6ms)
	initialDomainReloadingComplete (29ms)
	LoadAllAssembliesAndSetupDomain (80ms)
		LoadAssemblies (59ms)
		RebuildTransferFunctionScriptingTraits (0ms)
		AnalyzeDomain (78ms)
			TypeCache.Refresh (77ms)
				TypeCache.ScanAssembly (70ms)
			ScanForSourceGeneratedMonoScriptInfo (0ms)
			ResolveRequiredComponents (0ms)
	FinalizeReload (394ms)
		ReleaseScriptCaches (0ms)
		RebuildScriptCaches (0ms)
		SetupLoadedEditorAssemblies (360ms)
			LogAssemblyErrors (0ms)
			InitializePlatformSupportModulesInManaged (262ms)
			SetLoadedEditorAssemblies (3ms)
			RefreshPlugins (0ms)
			BeforeProcessingInitializeOnLoad (1ms)
			ProcessInitializeOnLoadAttributes (67ms)
			ProcessInitializeOnLoadMethodAttributes (28ms)
			AfterProcessingInitializeOnLoad (0ms)
			EditorAssembliesLoaded (0ms)
		ExecutionOrderSort2 (0ms)
		AwakeInstancesAfterBackupRestoration (0ms)
========================================================================
Worker process is ready to serve import requests
Begin MonoManager ReloadAssembly
Duplicate assembly 'log4net.dll' with different versions detected, using 'Assets/References/log4net.dll, AssemblyName=log4net, Version=2.0.8.0, Culture=neutral, PublicKeyToken=null' and ignoring 'Packages/com.unity.collab-proxy/Lib/Editor/PlasticSCM/log4netPlastic.dll, AssemblyName=log4net, Version=1.2.15.0, Culture=neutral, PublicKeyToken=669e0ddf0bb1aa2a'.Duplicate assembly 'Newtonsoft.Json.dll' with different versions detected, using 'Packages/com.unity.nuget.newtonsoft-json/Runtime/Newtonsoft.Json.dll, AssemblyName=Newtonsoft.Json, Version=13.0.0.0, Culture=neutral, PublicKeyToken=30ad4fe6b2a6aeed' and ignoring 'Assets/JsonDotNet/Assemblies/Standalone/Newtonsoft.Json.dll, AssemblyName=Newtonsoft.Json, Version=8.0.0.0, Culture=neutral, PublicKeyToken=null'.Symbol file LoadedFromMemory is not a mono symbol file
Symbol file LoadedFromMemory is not a mono symbol file
Symbol file LoadedFromMemory is not a mono symbol file
- Loaded All Assemblies, in  0.373 seconds
Refreshing native plugins compatible for Editor in 3.32 ms, found 2 plugins.
Native extension for LinuxStandalone target not found
Native extension for WindowsStandalone target not found
Failed to load: E:/Editor/2022.3.23f1/Editor/Data/PlaybackEngines/VisionOSPlayer\x64\UnityEditor.VisionOS.Native.dll
Native extension for VisionOS target not found
Native extension for iOS target not found
Native extension for Android target not found
Native extension for OSXStandalone target not found
Package Manager log level set to [2]
[Package Manager] Server::EnsureServerProcessIsRunning -- launch failed, reason: Unity was launched with the -noUpm command-line argument
[Package Manager] UpmClient::Send -- Unable to send message (not connected to UPM process).
[Package Manager] Cannot connect to Unity Package Manager local server
Mono: successfully reloaded assembly
- Finished resetting the current domain, in  0.561 seconds
Domain Reload Profiling: 934ms
	BeginReloadAssembly (79ms)
		ExecutionOrderSort (0ms)
		DisableScriptedObjects (3ms)
		BackupInstance (0ms)
		ReleaseScriptingObjects (0ms)
		CreateAndSetChildDomain (12ms)
	RebuildCommonClasses (19ms)
	RebuildNativeTypeToScriptingClass (6ms)
	initialDomainReloadingComplete (21ms)
	LoadAllAssembliesAndSetupDomain (248ms)
		LoadAssemblies (213ms)
		RebuildTransferFunctionScriptingTraits (0ms)
		AnalyzeDomain (80ms)
			TypeCache.Refresh (66ms)
				TypeCache.ScanAssembly (51ms)
			ScanForSourceGeneratedMonoScriptInfo (12ms)
			ResolveRequiredComponents (3ms)
	FinalizeReload (562ms)
		ReleaseScriptCaches (0ms)
		RebuildScriptCaches (0ms)
		SetupLoadedEditorAssemblies (472ms)
			LogAssemblyErrors (0ms)
			InitializePlatformSupportModulesInManaged (24ms)
			SetLoadedEditorAssemblies (4ms)
			RefreshPlugins (0ms)
			BeforeProcessingInitializeOnLoad (48ms)
			ProcessInitializeOnLoadAttributes (311ms)
			ProcessInitializeOnLoadMethodAttributes (84ms)
			AfterProcessingInitializeOnLoad (1ms)
			EditorAssembliesLoaded (0ms)
		ExecutionOrderSort2 (0ms)
		AwakeInstancesAfterBackupRestoration (5ms)
Launched and connected shader compiler UnityShaderCompiler.exe after 0.03 seconds
Refreshing native plugins compatible for Editor in 3.85 ms, found 2 plugins.
Preloading 0 native plugins for Editor in 0.00 ms.
Unloading 2635 Unused Serialized files (Serialized files now loaded: 0)
Unloading 70 unused Assets / (76.1 KB). Loaded Objects now: 3097.
Memory consumption went from 139.8 MB to 139.7 MB.
Total: 6.232400 ms (FindLiveObjects: 0.236200 ms CreateObjectMapping: 0.065700 ms MarkObjects: 5.745200 ms  DeleteObjects: 0.184400 ms)

AssetImportParameters requested are different than current active one (requested -> active):
  custom:video-decoder-webm-vp8: 9c59270c3fd7afecdb556c50c9e8de78 -> 
  custom:SearchIndexIgnoredProperties: e643bd26f0fe6173181afceb89e7c659 -> 
  custom:container-demuxer-ogg: 62fdf1f143b41e24485cea50d1cbac27 -> 
  custom:AudioImporter_EditorPlatform: d09bf68614088b80899f8185d706f6e7 -> 
  custom:video-codec-MediaFoundation-h265: 746d11721c4dcdbdad8f713fa42b33f4 -> 
  custom:video-decoder-ogg-theora: a1e56fd34408186e4bbccfd4996cb3dc -> 
  custom:framework-win-MediaFoundation: 216162199b28c13a410421893ffa2e32 -> 
  custom:video-encoder-webm-vp8: eb34c28f22e8b96e1ab97ce403110664 -> 
  custom:audio-decoder-ogg-vorbis: bf7c407c2cedff20999df2af8eb42d56 -> 
  custom:CustomObjectIndexerAttribute: 9a22284fe3817be447336de3de66b15e -> 
  custom:container-demuxer-webm: 4f35f7cbe854078d1ac9338744f61a02 -> 
  custom:audio-encoder-webm-vorbis: bf7c407c2cedff20999df2af8eb42d56 -> 
  custom:container-muxer-webm: aa71ff27fc2769a1b78a27578f13a17b -> 
========================================================================
Received Import Request.
  Time since last request: 30899.169790 seconds.
  path: Assets/Resources/UI/UICharEquip.prefab
  artifactKey: Guid(6e0b770d47467a446b4ed3ea19bf7034) Importer(815301076,1909f56bfc062723c751e8b465ee728b)
Start importing Assets/Resources/UI/UICharEquip.prefab using Guid(6e0b770d47467a446b4ed3ea19bf7034) Importer(815301076,1909f56bfc062723c751e8b465ee728b)  -> (artifact id: 'd33f080457d8b50e1cd81e1f3ff56d76') in 0.024604 seconds
Number of updated asset objects reloaded before import = 0
Number of asset objects unloaded after import = 250
========================================================================
Received Import Request.
  Time since last request: 11.915875 seconds.
  path: Assets/Resources/UI/UICharEquip.prefab
  artifactKey: Guid(6e0b770d47467a446b4ed3ea19bf7034) Importer(815301076,1909f56bfc062723c751e8b465ee728b)
Start importing Assets/Resources/UI/UICharEquip.prefab using Guid(6e0b770d47467a446b4ed3ea19bf7034) Importer(815301076,1909f56bfc062723c751e8b465ee728b)  -> (artifact id: '9c49999161dda457caf5d885eb0fc360') in 0.005749 seconds
Number of updated asset objects reloaded before import = 0
Number of asset objects unloaded after import = 250
========================================================================
Received Import Request.
  Time since last request: 15.212452 seconds.
  path: Assets/Resources/UI/UICharEquip.prefab
  artifactKey: Guid(6e0b770d47467a446b4ed3ea19bf7034) Importer(815301076,1909f56bfc062723c751e8b465ee728b)
Start importing Assets/Resources/UI/UICharEquip.prefab using Guid(6e0b770d47467a446b4ed3ea19bf7034) Importer(815301076,1909f56bfc062723c751e8b465ee728b)  -> (artifact id: '80d3b016b38850c82ea2503d2bac6e70') in 0.004477 seconds
Number of updated asset objects reloaded before import = 0
Number of asset objects unloaded after import = 250
========================================================================
Received Import Request.
  Time since last request: 1.949814 seconds.
  path: Assets/Resources/UI/UICharEquip.prefab
  artifactKey: Guid(6e0b770d47467a446b4ed3ea19bf7034) Importer(815301076,1909f56bfc062723c751e8b465ee728b)
Start importing Assets/Resources/UI/UICharEquip.prefab using Guid(6e0b770d47467a446b4ed3ea19bf7034) Importer(815301076,1909f56bfc062723c751e8b465ee728b)  -> (artifact id: '16820dd5a546f7f1880beeb57a3e531f') in 0.005481 seconds
Number of updated asset objects reloaded before import = 0
Number of asset objects unloaded after import = 250
========================================================================
Received Import Request.
  Time since last request: 4.075767 seconds.
  path: Assets/Resources/UI/UICharEquip.prefab
  artifactKey: Guid(6e0b770d47467a446b4ed3ea19bf7034) Importer(815301076,1909f56bfc062723c751e8b465ee728b)
Start importing Assets/Resources/UI/UICharEquip.prefab using Guid(6e0b770d47467a446b4ed3ea19bf7034) Importer(815301076,1909f56bfc062723c751e8b465ee728b)  -> (artifact id: 'bb52b1702f3781022f7f93ba2900aa19') in 0.004556 seconds
Number of updated asset objects reloaded before import = 0
Number of asset objects unloaded after import = 250
========================================================================
Received Import Request.
  Time since last request: 12.028676 seconds.
  path: Assets/Resources/UI/UICharEquip.prefab
  artifactKey: Guid(6e0b770d47467a446b4ed3ea19bf7034) Importer(815301076,1909f56bfc062723c751e8b465ee728b)
Start importing Assets/Resources/UI/UICharEquip.prefab using Guid(6e0b770d47467a446b4ed3ea19bf7034) Importer(815301076,1909f56bfc062723c751e8b465ee728b)  -> (artifact id: '0af6c25636513b703a7131d1dd6467aa') in 0.004165 seconds
Number of updated asset objects reloaded before import = 0
Number of asset objects unloaded after import = 250
========================================================================
Received Import Request.
  Time since last request: 12.257933 seconds.
  path: Assets/Resources/UI/UIEquipIcon.prefab
  artifactKey: Guid(03e465b05d807494c8091d292dd82034) Importer(815301076,1909f56bfc062723c751e8b465ee728b)
Start importing Assets/Resources/UI/UIEquipIcon.prefab using Guid(03e465b05d807494c8091d292dd82034) Importer(815301076,1909f56bfc062723c751e8b465ee728b)  -> (artifact id: '3eeaa7523f2601b77b7bba3a1c0fe376') in 0.001263 seconds
Number of updated asset objects reloaded before import = 0
Number of asset objects unloaded after import = 7
========================================================================
Received Import Request.
  Time since last request: 1.023587 seconds.
  path: Assets/Resources/UI/UIEquipIcon.prefab
  artifactKey: Guid(03e465b05d807494c8091d292dd82034) Importer(815301076,1909f56bfc062723c751e8b465ee728b)
Start importing Assets/Resources/UI/UIEquipIcon.prefab using Guid(03e465b05d807494c8091d292dd82034) Importer(815301076,1909f56bfc062723c751e8b465ee728b)  -> (artifact id: '74f1dd9db5d8efdb43dce481539eeb75') in 0.001201 seconds
Number of updated asset objects reloaded before import = 0
Number of asset objects unloaded after import = 7
========================================================================
Received Import Request.
  Time since last request: 4.281403 seconds.
  path: Assets/Resources/UI/UIEquipIcon.prefab
  artifactKey: Guid(03e465b05d807494c8091d292dd82034) Importer(815301076,1909f56bfc062723c751e8b465ee728b)
Start importing Assets/Resources/UI/UIEquipIcon.prefab using Guid(03e465b05d807494c8091d292dd82034) Importer(815301076,1909f56bfc062723c751e8b465ee728b)  -> (artifact id: '5c8b40348025485e179c6d54bf1c58bb') in 0.001397 seconds
Number of updated asset objects reloaded before import = 0
Number of asset objects unloaded after import = 7
========================================================================
Received Import Request.
  Time since last request: 3.681733 seconds.
  path: Assets/Resources/UI/UIEquipIcon.prefab
  artifactKey: Guid(03e465b05d807494c8091d292dd82034) Importer(815301076,1909f56bfc062723c751e8b465ee728b)
Start importing Assets/Resources/UI/UIEquipIcon.prefab using Guid(03e465b05d807494c8091d292dd82034) Importer(815301076,1909f56bfc062723c751e8b465ee728b)  -> (artifact id: '71f17e764523a8b8242c5deb8d008615') in 0.001280 seconds
Number of updated asset objects reloaded before import = 0
Number of asset objects unloaded after import = 7
========================================================================
Received Import Request.
  Time since last request: 6.160456 seconds.
  path: Assets/Resources/UI/UICharEquip.prefab
  artifactKey: Guid(6e0b770d47467a446b4ed3ea19bf7034) Importer(815301076,1909f56bfc062723c751e8b465ee728b)
Start importing Assets/Resources/UI/UICharEquip.prefab using Guid(6e0b770d47467a446b4ed3ea19bf7034) Importer(815301076,1909f56bfc062723c751e8b465ee728b)  -> (artifact id: 'b2316228e006cfaa097683f79c9318c4') in 0.004287 seconds
Number of updated asset objects reloaded before import = 0
Number of asset objects unloaded after import = 250
========================================================================
Received Import Request.
  Time since last request: 32.590307 seconds.
  path: Assets/Resources/UI/UICharEquip.prefab
  artifactKey: Guid(6e0b770d47467a446b4ed3ea19bf7034) Importer(815301076,1909f56bfc062723c751e8b465ee728b)
Start importing Assets/Resources/UI/UICharEquip.prefab using Guid(6e0b770d47467a446b4ed3ea19bf7034) Importer(815301076,1909f56bfc062723c751e8b465ee728b)  -> (artifact id: '9b3b406bb0f2f55f0f1d99fb750a967a') in 0.004344 seconds
Number of updated asset objects reloaded before import = 0
Number of asset objects unloaded after import = 251
========================================================================
Received Import Request.
  Time since last request: 9.947719 seconds.
  path: Assets/Resources/UI/UICharEquip.prefab
  artifactKey: Guid(6e0b770d47467a446b4ed3ea19bf7034) Importer(815301076,1909f56bfc062723c751e8b465ee728b)
Start importing Assets/Resources/UI/UICharEquip.prefab using Guid(6e0b770d47467a446b4ed3ea19bf7034) Importer(815301076,1909f56bfc062723c751e8b465ee728b)  -> (artifact id: 'c533a7504ce2164630e72919f083421c') in 0.004203 seconds
Number of updated asset objects reloaded before import = 0
Number of asset objects unloaded after import = 251
========================================================================
Received Import Request.
  Time since last request: 5.045770 seconds.
  path: Assets/Resources/UI/UICharEquip.prefab
  artifactKey: Guid(6e0b770d47467a446b4ed3ea19bf7034) Importer(815301076,1909f56bfc062723c751e8b465ee728b)
Start importing Assets/Resources/UI/UICharEquip.prefab using Guid(6e0b770d47467a446b4ed3ea19bf7034) Importer(815301076,1909f56bfc062723c751e8b465ee728b)  -> (artifact id: '48b6c49594d1810d2e74cff18525150a') in 0.004127 seconds
Number of updated asset objects reloaded before import = 0
Number of asset objects unloaded after import = 251
========================================================================
Received Import Request.
  Time since last request: 4.646592 seconds.
  path: Assets/Resources/UI/UICharEquip.prefab
  artifactKey: Guid(6e0b770d47467a446b4ed3ea19bf7034) Importer(815301076,1909f56bfc062723c751e8b465ee728b)
Start importing Assets/Resources/UI/UICharEquip.prefab using Guid(6e0b770d47467a446b4ed3ea19bf7034) Importer(815301076,1909f56bfc062723c751e8b465ee728b)  -> (artifact id: 'de6a128848402df6bbd8d149a76d4a80') in 0.004313 seconds
Number of updated asset objects reloaded before import = 0
Number of asset objects unloaded after import = 251
========================================================================
Received Import Request.
  Time since last request: 5.688997 seconds.
  path: Assets/Resources/UI/UICharEquip.prefab
  artifactKey: Guid(6e0b770d47467a446b4ed3ea19bf7034) Importer(815301076,1909f56bfc062723c751e8b465ee728b)
Start importing Assets/Resources/UI/UICharEquip.prefab using Guid(6e0b770d47467a446b4ed3ea19bf7034) Importer(815301076,1909f56bfc062723c751e8b465ee728b)  -> (artifact id: '09a7d27116f70f7c99b352b1716ebbc3') in 0.005177 seconds
Number of updated asset objects reloaded before import = 0
Number of asset objects unloaded after import = 251
========================================================================
Received Import Request.
  Time since last request: 22.210501 seconds.
  path: Assets/Resources/UI/UICharEquip.prefab
  artifactKey: Guid(6e0b770d47467a446b4ed3ea19bf7034) Importer(815301076,1909f56bfc062723c751e8b465ee728b)
Start importing Assets/Resources/UI/UICharEquip.prefab using Guid(6e0b770d47467a446b4ed3ea19bf7034) Importer(815301076,1909f56bfc062723c751e8b465ee728b)  -> (artifact id: 'b590a2c29c96667a4247c187d113df29') in 0.005059 seconds
Number of updated asset objects reloaded before import = 0
Number of asset objects unloaded after import = 251
========================================================================
Received Import Request.
  Time since last request: 3.091796 seconds.
  path: Assets/Resources/UI/UICharEquip.prefab
  artifactKey: Guid(6e0b770d47467a446b4ed3ea19bf7034) Importer(815301076,1909f56bfc062723c751e8b465ee728b)
Start importing Assets/Resources/UI/UICharEquip.prefab using Guid(6e0b770d47467a446b4ed3ea19bf7034) Importer(815301076,1909f56bfc062723c751e8b465ee728b)  -> (artifact id: '2ef64e14af67f84e91cf15eaf111f7fa') in 0.004357 seconds
Number of updated asset objects reloaded before import = 0
Number of asset objects unloaded after import = 251
========================================================================
Received Import Request.
  Time since last request: 13.791772 seconds.
  path: Assets/Resources/UI/UICharEquip.prefab
  artifactKey: Guid(6e0b770d47467a446b4ed3ea19bf7034) Importer(815301076,1909f56bfc062723c751e8b465ee728b)
Start importing Assets/Resources/UI/UICharEquip.prefab using Guid(6e0b770d47467a446b4ed3ea19bf7034) Importer(815301076,1909f56bfc062723c751e8b465ee728b)  -> (artifact id: 'f9b90d6a1c9e1c373798c1aeb9dd3f37') in 0.004729 seconds
Number of updated asset objects reloaded before import = 0
Number of asset objects unloaded after import = 251
========================================================================
Received Import Request.
  Time since last request: 6.771972 seconds.
  path: Assets/Resources/UI/UICharEquip.prefab
  artifactKey: Guid(6e0b770d47467a446b4ed3ea19bf7034) Importer(815301076,1909f56bfc062723c751e8b465ee728b)
Start importing Assets/Resources/UI/UICharEquip.prefab using Guid(6e0b770d47467a446b4ed3ea19bf7034) Importer(815301076,1909f56bfc062723c751e8b465ee728b)  -> (artifact id: '6238344989bcb58f34edf1787f3e8b76') in 0.004442 seconds
Number of updated asset objects reloaded before import = 0
Number of asset objects unloaded after import = 251
========================================================================
Received Import Request.
  Time since last request: 17.068115 seconds.
  path: Assets/Resources/UI/UICharEquip.prefab
  artifactKey: Guid(6e0b770d47467a446b4ed3ea19bf7034) Importer(815301076,1909f56bfc062723c751e8b465ee728b)
Start importing Assets/Resources/UI/UICharEquip.prefab using Guid(6e0b770d47467a446b4ed3ea19bf7034) Importer(815301076,1909f56bfc062723c751e8b465ee728b)  -> (artifact id: '66ce1bad29b0a3f258eed5774e6d1a64') in 0.004081 seconds
Number of updated asset objects reloaded before import = 0
Number of asset objects unloaded after import = 251
========================================================================
Received Import Request.
  Time since last request: 8.735406 seconds.
  path: Assets/Resources/UI/UICharEquip.prefab
  artifactKey: Guid(6e0b770d47467a446b4ed3ea19bf7034) Importer(815301076,1909f56bfc062723c751e8b465ee728b)
Start importing Assets/Resources/UI/UICharEquip.prefab using Guid(6e0b770d47467a446b4ed3ea19bf7034) Importer(815301076,1909f56bfc062723c751e8b465ee728b)  -> (artifact id: 'a825038a0bdcb85c5032167142fa8948') in 0.005371 seconds
Number of updated asset objects reloaded before import = 0
Number of asset objects unloaded after import = 251
========================================================================
Received Import Request.
  Time since last request: 3.465541 seconds.
  path: Assets/Resources/UI/UICharEquip.prefab
  artifactKey: Guid(6e0b770d47467a446b4ed3ea19bf7034) Importer(815301076,1909f56bfc062723c751e8b465ee728b)
Start importing Assets/Resources/UI/UICharEquip.prefab using Guid(6e0b770d47467a446b4ed3ea19bf7034) Importer(815301076,1909f56bfc062723c751e8b465ee728b)  -> (artifact id: '9bb839674891ff99e491d90126ecc241') in 0.005200 seconds
Number of updated asset objects reloaded before import = 0
Number of asset objects unloaded after import = 251
========================================================================
Received Import Request.
  Time since last request: 2.846828 seconds.
  path: Assets/Resources/UI/UICharEquip.prefab
  artifactKey: Guid(6e0b770d47467a446b4ed3ea19bf7034) Importer(815301076,1909f56bfc062723c751e8b465ee728b)
Start importing Assets/Resources/UI/UICharEquip.prefab using Guid(6e0b770d47467a446b4ed3ea19bf7034) Importer(815301076,1909f56bfc062723c751e8b465ee728b)  -> (artifact id: 'c99e833c41aaeedfcd323216eecca625') in 0.005054 seconds
Number of updated asset objects reloaded before import = 0
Number of asset objects unloaded after import = 251
========================================================================
Received Import Request.
  Time since last request: 249.908980 seconds.
  path: Assets/Resources/UI/UICharEquip.prefab
  artifactKey: Guid(6e0b770d47467a446b4ed3ea19bf7034) Importer(815301076,1909f56bfc062723c751e8b465ee728b)
Start importing Assets/Resources/UI/UICharEquip.prefab using Guid(6e0b770d47467a446b4ed3ea19bf7034) Importer(815301076,1909f56bfc062723c751e8b465ee728b)  -> (artifact id: '71c14814af203e2e24e1262107f7e767') in 0.006517 seconds
Number of updated asset objects reloaded before import = 0
Number of asset objects unloaded after import = 251
========================================================================
Received Import Request.
  Time since last request: 6.241384 seconds.
  path: Assets/Resources/UI/UICharEquip.prefab
  artifactKey: Guid(6e0b770d47467a446b4ed3ea19bf7034) Importer(815301076,1909f56bfc062723c751e8b465ee728b)
Start importing Assets/Resources/UI/UICharEquip.prefab using Guid(6e0b770d47467a446b4ed3ea19bf7034) Importer(815301076,1909f56bfc062723c751e8b465ee728b)  -> (artifact id: 'cea2b03a8f13a3af7256460e4a2d6e71') in 0.004517 seconds
Number of updated asset objects reloaded before import = 0
Number of asset objects unloaded after import = 251
========================================================================
Received Prepare
Begin MonoManager ReloadAssembly
Duplicate assembly 'log4net.dll' with different versions detected, using 'Assets/References/log4net.dll, AssemblyName=log4net, Version=2.0.8.0, Culture=neutral, PublicKeyToken=null' and ignoring 'Packages/com.unity.collab-proxy/Lib/Editor/PlasticSCM/log4netPlastic.dll, AssemblyName=log4net, Version=1.2.15.0, Culture=neutral, PublicKeyToken=669e0ddf0bb1aa2a'.Duplicate assembly 'Newtonsoft.Json.dll' with different versions detected, using 'Packages/com.unity.nuget.newtonsoft-json/Runtime/Newtonsoft.Json.dll, AssemblyName=Newtonsoft.Json, Version=13.0.0.0, Culture=neutral, PublicKeyToken=30ad4fe6b2a6aeed' and ignoring 'Assets/JsonDotNet/Assemblies/Standalone/Newtonsoft.Json.dll, AssemblyName=Newtonsoft.Json, Version=8.0.0.0, Culture=neutral, PublicKeyToken=null'.Symbol file LoadedFromMemory is not a mono symbol file
Symbol file LoadedFromMemory is not a mono symbol file
Symbol file LoadedFromMemory is not a mono symbol file
- Loaded All Assemblies, in  0.295 seconds
Refreshing native plugins compatible for Editor in 3.62 ms, found 2 plugins.
Native extension for LinuxStandalone target not found
Native extension for WindowsStandalone target not found
Failed to load: E:/Editor/2022.3.23f1/Editor/Data/PlaybackEngines/VisionOSPlayer\x64\UnityEditor.VisionOS.Native.dll
Native extension for VisionOS target not found
Native extension for iOS target not found
Native extension for Android target not found
Native extension for OSXStandalone target not found
[Package Manager] Server::EnsureServerProcessIsRunning -- launch failed, reason: Unity was launched with the -noUpm command-line argument
[Package Manager] UpmClient::Send -- Unable to send message (not connected to UPM process).
[Package Manager] Cannot connect to Unity Package Manager local server
Mono: successfully reloaded assembly
- Finished resetting the current domain, in  0.737 seconds
Domain Reload Profiling: 1032ms
	BeginReloadAssembly (97ms)
		ExecutionOrderSort (0ms)
		DisableScriptedObjects (4ms)
		BackupInstance (0ms)
		ReleaseScriptingObjects (0ms)
		CreateAndSetChildDomain (25ms)
	RebuildCommonClasses (17ms)
	RebuildNativeTypeToScriptingClass (6ms)
	initialDomainReloadingComplete (15ms)
	LoadAllAssembliesAndSetupDomain (160ms)
		LoadAssemblies (201ms)
		RebuildTransferFunctionScriptingTraits (0ms)
		AnalyzeDomain (7ms)
			TypeCache.Refresh (3ms)
				TypeCache.ScanAssembly (0ms)
			ScanForSourceGeneratedMonoScriptInfo (0ms)
			ResolveRequiredComponents (2ms)
	FinalizeReload (737ms)
		ReleaseScriptCaches (0ms)
		RebuildScriptCaches (0ms)
		SetupLoadedEditorAssemblies (538ms)
			LogAssemblyErrors (0ms)
			InitializePlatformSupportModulesInManaged (28ms)
			SetLoadedEditorAssemblies (4ms)
			RefreshPlugins (0ms)
			BeforeProcessingInitializeOnLoad (57ms)
			ProcessInitializeOnLoadAttributes (351ms)
			ProcessInitializeOnLoadMethodAttributes (97ms)
			AfterProcessingInitializeOnLoad (1ms)
			EditorAssembliesLoaded (0ms)
		ExecutionOrderSort2 (0ms)
		AwakeInstancesAfterBackupRestoration (5ms)
Refreshing native plugins compatible for Editor in 6.74 ms, found 2 plugins.
Preloading 0 native plugins for Editor in 0.00 ms.
Unloading 2608 Unused Serialized files (Serialized files now loaded: 0)
Unloading 63 unused Assets / (51.6 KB). Loaded Objects now: 3103.
Memory consumption went from 135.7 MB to 135.6 MB.
Total: 6.747400 ms (FindLiveObjects: 0.200400 ms CreateObjectMapping: 0.063900 ms MarkObjects: 6.300600 ms  DeleteObjects: 0.179300 ms)

Prepare: number of updated asset objects reloaded= 0
AssetImportParameters requested are different than current active one (requested -> active):
  custom:video-decoder-webm-vp8: 9c59270c3fd7afecdb556c50c9e8de78 -> 
  custom:SearchIndexIgnoredProperties: e643bd26f0fe6173181afceb89e7c659 -> 
  custom:container-demuxer-ogg: 62fdf1f143b41e24485cea50d1cbac27 -> 
  custom:AudioImporter_EditorPlatform: d09bf68614088b80899f8185d706f6e7 -> 
  custom:video-codec-MediaFoundation-h265: 746d11721c4dcdbdad8f713fa42b33f4 -> 
  custom:video-decoder-ogg-theora: a1e56fd34408186e4bbccfd4996cb3dc -> 
  custom:framework-win-MediaFoundation: 216162199b28c13a410421893ffa2e32 -> 
  custom:video-encoder-webm-vp8: eb34c28f22e8b96e1ab97ce403110664 -> 
  custom:audio-decoder-ogg-vorbis: bf7c407c2cedff20999df2af8eb42d56 -> 
  custom:CustomObjectIndexerAttribute: 9a22284fe3817be447336de3de66b15e -> 
  custom:container-demuxer-webm: 4f35f7cbe854078d1ac9338744f61a02 -> 
  custom:audio-encoder-webm-vorbis: bf7c407c2cedff20999df2af8eb42d56 -> 
  custom:container-muxer-webm: aa71ff27fc2769a1b78a27578f13a17b -> 
========================================================================
Received Prepare
Begin MonoManager ReloadAssembly
Duplicate assembly 'log4net.dll' with different versions detected, using 'Assets/References/log4net.dll, AssemblyName=log4net, Version=2.0.8.0, Culture=neutral, PublicKeyToken=null' and ignoring 'Packages/com.unity.collab-proxy/Lib/Editor/PlasticSCM/log4netPlastic.dll, AssemblyName=log4net, Version=1.2.15.0, Culture=neutral, PublicKeyToken=669e0ddf0bb1aa2a'.Duplicate assembly 'Newtonsoft.Json.dll' with different versions detected, using 'Packages/com.unity.nuget.newtonsoft-json/Runtime/Newtonsoft.Json.dll, AssemblyName=Newtonsoft.Json, Version=13.0.0.0, Culture=neutral, PublicKeyToken=30ad4fe6b2a6aeed' and ignoring 'Assets/JsonDotNet/Assemblies/Standalone/Newtonsoft.Json.dll, AssemblyName=Newtonsoft.Json, Version=8.0.0.0, Culture=neutral, PublicKeyToken=null'.Symbol file LoadedFromMemory is not a mono symbol file
Symbol file LoadedFromMemory is not a mono symbol file
Symbol file LoadedFromMemory is not a mono symbol file
- Loaded All Assemblies, in  0.355 seconds
Refreshing native plugins compatible for Editor in 3.15 ms, found 2 plugins.
Native extension for LinuxStandalone target not found
Native extension for WindowsStandalone target not found
Failed to load: E:/Editor/2022.3.23f1/Editor/Data/PlaybackEngines/VisionOSPlayer\x64\UnityEditor.VisionOS.Native.dll
Native extension for VisionOS target not found
Native extension for iOS target not found
Native extension for Android target not found
Native extension for OSXStandalone target not found
[Package Manager] Server::EnsureServerProcessIsRunning -- launch failed, reason: Unity was launched with the -noUpm command-line argument
[Package Manager] UpmClient::Send -- Unable to send message (not connected to UPM process).
[Package Manager] Cannot connect to Unity Package Manager local server
Mono: successfully reloaded assembly
- Finished resetting the current domain, in  0.877 seconds
Domain Reload Profiling: 1231ms
	BeginReloadAssembly (113ms)
		ExecutionOrderSort (0ms)
		DisableScriptedObjects (4ms)
		BackupInstance (0ms)
		ReleaseScriptingObjects (0ms)
		CreateAndSetChildDomain (31ms)
	RebuildCommonClasses (19ms)
	RebuildNativeTypeToScriptingClass (7ms)
	initialDomainReloadingComplete (19ms)
	LoadAllAssembliesAndSetupDomain (196ms)
		LoadAssemblies (214ms)
		RebuildTransferFunctionScriptingTraits (0ms)
		AnalyzeDomain (34ms)
			TypeCache.Refresh (23ms)
				TypeCache.ScanAssembly (17ms)
			ScanForSourceGeneratedMonoScriptInfo (8ms)
			ResolveRequiredComponents (2ms)
	FinalizeReload (877ms)
		ReleaseScriptCaches (0ms)
		RebuildScriptCaches (0ms)
		SetupLoadedEditorAssemblies (491ms)
			LogAssemblyErrors (0ms)
			InitializePlatformSupportModulesInManaged (25ms)
			SetLoadedEditorAssemblies (3ms)
			RefreshPlugins (0ms)
			BeforeProcessingInitializeOnLoad (50ms)
			ProcessInitializeOnLoadAttributes (320ms)
			ProcessInitializeOnLoadMethodAttributes (91ms)
			AfterProcessingInitializeOnLoad (1ms)
			EditorAssembliesLoaded (0ms)
		ExecutionOrderSort2 (0ms)
		AwakeInstancesAfterBackupRestoration (6ms)
Refreshing native plugins compatible for Editor in 4.21 ms, found 2 plugins.
Preloading 0 native plugins for Editor in 0.00 ms.
Unloading 2609 Unused Serialized files (Serialized files now loaded: 0)
Unloading 59 unused Assets / (48.6 KB). Loaded Objects now: 3106.
Memory consumption went from 137.9 MB to 137.8 MB.
Total: 4.032800 ms (FindLiveObjects: 0.291600 ms CreateObjectMapping: 0.073600 ms MarkObjects: 3.616000 ms  DeleteObjects: 0.050600 ms)

Prepare: number of updated asset objects reloaded= 0
AssetImportParameters requested are different than current active one (requested -> active):
  custom:video-decoder-webm-vp8: 9c59270c3fd7afecdb556c50c9e8de78 -> 
  custom:SearchIndexIgnoredProperties: e643bd26f0fe6173181afceb89e7c659 -> 
  custom:container-demuxer-ogg: 62fdf1f143b41e24485cea50d1cbac27 -> 
  custom:AudioImporter_EditorPlatform: d09bf68614088b80899f8185d706f6e7 -> 
  custom:video-codec-MediaFoundation-h265: 746d11721c4dcdbdad8f713fa42b33f4 -> 
  custom:video-decoder-ogg-theora: a1e56fd34408186e4bbccfd4996cb3dc -> 
  custom:framework-win-MediaFoundation: 216162199b28c13a410421893ffa2e32 -> 
  custom:video-encoder-webm-vp8: eb34c28f22e8b96e1ab97ce403110664 -> 
  custom:audio-decoder-ogg-vorbis: bf7c407c2cedff20999df2af8eb42d56 -> 
  custom:CustomObjectIndexerAttribute: 9a22284fe3817be447336de3de66b15e -> 
  custom:container-demuxer-webm: 4f35f7cbe854078d1ac9338744f61a02 -> 
  custom:audio-encoder-webm-vorbis: bf7c407c2cedff20999df2af8eb42d56 -> 
  custom:container-muxer-webm: aa71ff27fc2769a1b78a27578f13a17b -> 
========================================================================
Received Prepare
Begin MonoManager ReloadAssembly
Duplicate assembly 'log4net.dll' with different versions detected, using 'Assets/References/log4net.dll, AssemblyName=log4net, Version=2.0.8.0, Culture=neutral, PublicKeyToken=null' and ignoring 'Packages/com.unity.collab-proxy/Lib/Editor/PlasticSCM/log4netPlastic.dll, AssemblyName=log4net, Version=1.2.15.0, Culture=neutral, PublicKeyToken=669e0ddf0bb1aa2a'.Duplicate assembly 'Newtonsoft.Json.dll' with different versions detected, using 'Packages/com.unity.nuget.newtonsoft-json/Runtime/Newtonsoft.Json.dll, AssemblyName=Newtonsoft.Json, Version=13.0.0.0, Culture=neutral, PublicKeyToken=30ad4fe6b2a6aeed' and ignoring 'Assets/JsonDotNet/Assemblies/Standalone/Newtonsoft.Json.dll, AssemblyName=Newtonsoft.Json, Version=8.0.0.0, Culture=neutral, PublicKeyToken=null'.Symbol file LoadedFromMemory is not a mono symbol file
Symbol file LoadedFromMemory is not a mono symbol file
Symbol file LoadedFromMemory is not a mono symbol file
- Loaded All Assemblies, in  0.313 seconds
Refreshing native plugins compatible for Editor in 3.54 ms, found 2 plugins.
Native extension for LinuxStandalone target not found
Native extension for WindowsStandalone target not found
Failed to load: E:/Editor/2022.3.23f1/Editor/Data/PlaybackEngines/VisionOSPlayer\x64\UnityEditor.VisionOS.Native.dll
Native extension for VisionOS target not found
Native extension for iOS target not found
Native extension for Android target not found
Native extension for OSXStandalone target not found
[Package Manager] Server::EnsureServerProcessIsRunning -- launch failed, reason: Unity was launched with the -noUpm command-line argument
[Package Manager] UpmClient::Send -- Unable to send message (not connected to UPM process).
[Package Manager] Cannot connect to Unity Package Manager local server
Mono: successfully reloaded assembly
- Finished resetting the current domain, in  0.757 seconds
Domain Reload Profiling: 1070ms
	BeginReloadAssembly (98ms)
		ExecutionOrderSort (0ms)
		DisableScriptedObjects (3ms)
		BackupInstance (0ms)
		ReleaseScriptingObjects (0ms)
		CreateAndSetChildDomain (25ms)
	RebuildCommonClasses (19ms)
	RebuildNativeTypeToScriptingClass (7ms)
	initialDomainReloadingComplete (19ms)
	LoadAllAssembliesAndSetupDomain (171ms)
		LoadAssemblies (214ms)
		RebuildTransferFunctionScriptingTraits (0ms)
		AnalyzeDomain (7ms)
			TypeCache.Refresh (4ms)
				TypeCache.ScanAssembly (0ms)
			ScanForSourceGeneratedMonoScriptInfo (0ms)
			ResolveRequiredComponents (2ms)
	FinalizeReload (757ms)
		ReleaseScriptCaches (0ms)
		RebuildScriptCaches (0ms)
		SetupLoadedEditorAssemblies (566ms)
			LogAssemblyErrors (0ms)
			InitializePlatformSupportModulesInManaged (31ms)
			SetLoadedEditorAssemblies (4ms)
			RefreshPlugins (0ms)
			BeforeProcessingInitializeOnLoad (55ms)
			ProcessInitializeOnLoadAttributes (376ms)
			ProcessInitializeOnLoadMethodAttributes (98ms)
			AfterProcessingInitializeOnLoad (1ms)
			EditorAssembliesLoaded (0ms)
		ExecutionOrderSort2 (0ms)
		AwakeInstancesAfterBackupRestoration (5ms)
Refreshing native plugins compatible for Editor in 6.80 ms, found 2 plugins.
Preloading 0 native plugins for Editor in 0.00 ms.
Unloading 2609 Unused Serialized files (Serialized files now loaded: 0)
Unloading 59 unused Assets / (48.6 KB). Loaded Objects now: 3109.
Memory consumption went from 139.8 MB to 139.8 MB.
Total: 7.050300 ms (FindLiveObjects: 0.231900 ms CreateObjectMapping: 0.065900 ms MarkObjects: 6.629500 ms  DeleteObjects: 0.121700 ms)

Prepare: number of updated asset objects reloaded= 0
AssetImportParameters requested are different than current active one (requested -> active):
  custom:video-decoder-webm-vp8: 9c59270c3fd7afecdb556c50c9e8de78 -> 
  custom:SearchIndexIgnoredProperties: e643bd26f0fe6173181afceb89e7c659 -> 
  custom:container-demuxer-ogg: 62fdf1f143b41e24485cea50d1cbac27 -> 
  custom:AudioImporter_EditorPlatform: d09bf68614088b80899f8185d706f6e7 -> 
  custom:video-codec-MediaFoundation-h265: 746d11721c4dcdbdad8f713fa42b33f4 -> 
  custom:video-decoder-ogg-theora: a1e56fd34408186e4bbccfd4996cb3dc -> 
  custom:framework-win-MediaFoundation: 216162199b28c13a410421893ffa2e32 -> 
  custom:video-encoder-webm-vp8: eb34c28f22e8b96e1ab97ce403110664 -> 
  custom:audio-decoder-ogg-vorbis: bf7c407c2cedff20999df2af8eb42d56 -> 
  custom:CustomObjectIndexerAttribute: 9a22284fe3817be447336de3de66b15e -> 
  custom:container-demuxer-webm: 4f35f7cbe854078d1ac9338744f61a02 -> 
  custom:audio-encoder-webm-vorbis: bf7c407c2cedff20999df2af8eb42d56 -> 
  custom:container-muxer-webm: aa71ff27fc2769a1b78a27578f13a17b -> 
